<?xml version="1.0" encoding="UTF-8"?>
<!-- Generated by org.testng.reporters.JUnitReportReporter -->
<testsuite skipped="0" hostname="Oladele" name="testCases.TC_002_Login" tests="1" failures="0" timestamp="2021-06-26T19:32:41 BST" time="13.322" errors="0">
  <testcase name="Login" time="13.322" classname="testCases.TC_002_Login"/>
  <system-out/>
</testsuite> <!-- testCases.TC_002_Login -->
