<?xml version="1.0" encoding="UTF-8"?>
<!-- Generated by org.testng.reporters.JUnitReportReporter -->
<testsuite skipped="0" hostname="Oladele" name="testCases.TC_Accounts_Registration" tests="1" failures="0" timestamp="2021-06-16T15:37:08 BST" time="13.075" errors="0">
  <testcase name="test_account_Registration" time="13.075" classname="testCases.TC_Accounts_Registration"/>
  <system-out/>
</testsuite> <!-- testCases.TC_Accounts_Registration -->
